2023-04-17 00:00:18,349 [INFO] MultiScanPanel:200 - Auto-refresh data requested => check proxy status ongoing
2023-04-17 00:00:18,482 [INFO] LoadUrlFilesThread:185 - End of LoadServerUrlFiles without Thread
2023-04-17 00:00:18,482 [INFO] DetailPanel:341 - Set advertising image to C:/Users/uSEr/STM32Cube/Repository/\en.prom-stm32h5-mcu-finder.jpg
2023-04-17 00:00:18,497 [INFO] DbBoards:634 - Loading board mini-images...
2023-04-17 00:00:20,750 [INFO] DbBoards:657 - Loaded 187 board mini-images
2023-04-17 00:00:31,884 [INFO] MainUpdater:2854 - connection check result : 10
2023-04-17 00:00:31,884 [INFO] MainUpdater:2854 - connection check result : 10
2023-04-17 00:00:31,912 [INFO] MicroXplorer:468 - Change Database Path : 
2023-04-17 00:00:31,912 [INFO] MicroXplorer:498 - Change Database Version : DB.6.0.80
2023-04-17 00:00:31,912 [WARN] ThirdParty:871 - waiting for thirdparty lock release [close project]
2023-04-17 00:00:31,912 [INFO] ThirdParty:873 - entering critical section [close project]
2023-04-17 00:00:31,913 [INFO] ThirdParty:883 - exiting critical section [close project]
2023-04-17 00:00:31,916 [INFO] PinOutPanel:1499 - setPackage(No Configuration,No Configuration)
2023-04-17 00:00:31,922 [INFO] UtilMem:75 - Begin LoadConfig() Used Memory: 455588256 Bytes (466616320)
2023-04-17 00:00:31,927 [INFO] OpenFileManager:308 - Change cursor
2023-04-17 00:00:31,952 [INFO] ProjectFactory:402 - No CPN specified for board NUCLEO-F411RE => set CPN to STM32F411RET6
2023-04-17 00:00:31,952 [INFO] Mcu:1937 - Initializing MCU STM32F411R(C-E)Tx STM32F411RETx STM32F411RET6
2023-04-17 00:00:33,250 [INFO] Context:659 - Trying to add GPIOservice into a context  which must be forbidden
2023-04-17 00:00:33,720 [INFO] Rule:228 - rule 117617 - U5Cobra4M][GTZC] default value MPCBB3 and MPCBB5 - Not Secured memory - MPCBB1 is applicable
2023-04-17 00:00:33,720 [INFO] Rule:228 - rule 117617 - U5Cobra4M][GTZC] default value MPCBB3 and MPCBB5 - Not Secured memory - MPCBB1 is applicable
2023-04-17 00:00:33,720 [INFO] Rule:228 - rule 117617 - U5Cobra4M][GTZC] default value MPCBB3 and MPCBB5 - Not Secured memory - MPCBB2 is applicable
2023-04-17 00:00:33,720 [INFO] Rule:228 - rule 117617 - U5Cobra4M][GTZC] default value MPCBB3 and MPCBB5 - Not Secured memory - MPCBB2 is applicable
2023-04-17 00:00:33,720 [INFO] Rule:228 - rule 117617 - U5Cobra4M][GTZC] default value MPCBB3 and MPCBB5 - Not Secured memory - MPCBB3 is applicable
2023-04-17 00:00:33,720 [INFO] Rule:228 - rule 117617 - U5Cobra4M][GTZC] default value MPCBB3 and MPCBB5 - Not Secured memory - MPCBB3 is applicable
2023-04-17 00:00:33,720 [INFO] Rule:228 - rule 117617 - U5Cobra4M][GTZC] default value MPCBB3 and MPCBB5 - Not Secured memory - MPCBB4 is applicable
2023-04-17 00:00:33,720 [INFO] Rule:228 - rule 117617 - U5Cobra4M][GTZC] default value MPCBB3 and MPCBB5 - Not Secured memory - MPCBB4 is applicable
2023-04-17 00:00:33,720 [INFO] Rule:228 - rule 117617 - U5Cobra4M][GTZC] default value MPCBB3 and MPCBB5 - Secured memory - MPCBB1 is applicable
2023-04-17 00:00:33,721 [INFO] Rule:228 - rule 117617 - U5Cobra4M][GTZC] default value MPCBB3 and MPCBB5 - Secured memory - MPCBB2 is applicable
2023-04-17 00:00:33,721 [INFO] Rule:228 - rule 117617 - U5Cobra4M][GTZC] default value MPCBB3 and MPCBB5 - Secured memory - MPCBB3 is applicable
2023-04-17 00:00:33,721 [INFO] Rule:228 - rule 117617 - U5Cobra4M][GTZC] default value MPCBB3 and MPCBB5 - Secured memory - MPCBB4 is applicable
2023-04-17 00:00:33,721 [INFO] Rule:228 - rule 117617 - U5Cobra4M][GTZC] default value MPCBB3 and MPCBB5 - Privileged memory - MPCBB1 is applicable
2023-04-17 00:00:33,721 [INFO] Rule:228 - rule 117617 - U5Cobra4M][GTZC] default value MPCBB3 and MPCBB5 - Privileged memory - MPCBB2 is applicable
2023-04-17 00:00:33,721 [INFO] Rule:228 - rule 117617 - U5Cobra4M][GTZC] default value MPCBB3 and MPCBB5 - Privileged memory - MPCBB3 is applicable
2023-04-17 00:00:33,721 [INFO] Rule:228 - rule 117617 - U5Cobra4M][GTZC] default value MPCBB3 and MPCBB5 - Privileged memory - MPCBB4 is applicable
2023-04-17 00:00:33,721 [INFO] Rule:228 - rule 117617 - U5Cobra4M][GTZC] default value MPCBB3 and MPCBB5 - Not Privileged memory - MPCBB1 is applicable
2023-04-17 00:00:33,721 [INFO] Rule:228 - rule 117617 - U5Cobra4M][GTZC] default value MPCBB3 and MPCBB5 - Not Privileged memory - MPCBB2 is applicable
2023-04-17 00:00:33,721 [INFO] Rule:228 - rule 117617 - U5Cobra4M][GTZC] default value MPCBB3 and MPCBB5 - Not Privileged memory - MPCBB3 is applicable
2023-04-17 00:00:33,721 [INFO] Rule:228 - rule 117617 - U5Cobra4M][GTZC] default value MPCBB3 and MPCBB5 - Not Privileged memory - MPCBB4 is applicable
2023-04-17 00:00:33,722 [INFO] Rule:228 - rule 117617 - U5Cobra4M][GTZC] default value MPCBB3 and MPCBB5 - Privileged memory - MPCBB1 is applicable
2023-04-17 00:00:33,722 [INFO] Rule:228 - rule 117617 - U5Cobra4M][GTZC] default value MPCBB3 and MPCBB5 - Privileged memory - MPCBB2 is applicable
2023-04-17 00:00:33,722 [INFO] Rule:228 - rule 117617 - U5Cobra4M][GTZC] default value MPCBB3 and MPCBB5 - Privileged memory - MPCBB3 is applicable
2023-04-17 00:00:33,722 [INFO] Rule:228 - rule 117617 - U5Cobra4M][GTZC] default value MPCBB3 and MPCBB5 - Privileged memory - MPCBB4 is applicable
2023-04-17 00:00:33,722 [INFO] Rule:228 - rule 117617 - U5Cobra4M][GTZC] default value MPCBB3 and MPCBB5 - Privileged memory - MPCBB1 is applicable
2023-04-17 00:00:33,722 [INFO] Rule:228 - rule 117617 - U5Cobra4M][GTZC] default value MPCBB3 and MPCBB5 - Privileged memory - MPCBB2 is applicable
2023-04-17 00:00:33,722 [INFO] Rule:228 - rule 117617 - U5Cobra4M][GTZC] default value MPCBB3 and MPCBB5 - Privileged memory - MPCBB3 is applicable
2023-04-17 00:00:33,722 [INFO] Rule:228 - rule 117617 - U5Cobra4M][GTZC] default value MPCBB3 and MPCBB5 - Privileged memory - MPCBB4 is applicable
2023-04-17 00:00:33,722 [INFO] Rule:228 - rule 117617 - U5Cobra4M][GTZC] default value MPCBB3 and MPCBB5 - Not Privileged memory - MPCBB1 is applicable
2023-04-17 00:00:33,723 [INFO] Rule:228 - rule 117617 - U5Cobra4M][GTZC] default value MPCBB3 and MPCBB5 - Not Privileged memory - MPCBB2 is applicable
2023-04-17 00:00:33,723 [INFO] Rule:228 - rule 117617 - U5Cobra4M][GTZC] default value MPCBB3 and MPCBB5 - Not Privileged memory - MPCBB3 is applicable
2023-04-17 00:00:33,723 [INFO] Rule:228 - rule 117617 - U5Cobra4M][GTZC] default value MPCBB3 and MPCBB5 - Not Privileged memory - MPCBB4 is applicable
2023-04-17 00:00:33,723 [INFO] Rule:228 - rule 117617 - U5Cobra4M][GTZC] default value MPCBB3 and MPCBB5 - Privileged memory - MPCBB1 is applicable
2023-04-17 00:00:33,723 [INFO] Rule:228 - rule 117617 - U5Cobra4M][GTZC] default value MPCBB3 and MPCBB5 - Privileged memory - MPCBB2 is applicable
2023-04-17 00:00:33,723 [INFO] Rule:228 - rule 117617 - U5Cobra4M][GTZC] default value MPCBB3 and MPCBB5 - Privileged memory - MPCBB3 is applicable
2023-04-17 00:00:33,723 [INFO] Rule:228 - rule 117617 - U5Cobra4M][GTZC] default value MPCBB3 and MPCBB5 - Privileged memory - MPCBB4 is applicable
2023-04-17 00:00:33,723 [INFO] Rule:228 - rule Rename SubGHz_Phy SUBGHZ_APPLICATION SUBGHZ_PINGPONG to SUBGHZ_ADV_APPLICATION is applicable
2023-04-17 00:00:33,723 [INFO] Rule:228 - rule Rename Enabled to IBEACON is applicable
2023-04-17 00:00:33,723 [INFO] Rule:228 - rule GTZC_S instance for project manager is applicable
2023-04-17 00:00:33,723 [INFO] Rule:228 - rule GTZC_S instance for context M33S is applicable
2023-04-17 00:00:33,723 [INFO] Rule:228 - rule GTZC_S instance value for IP GTZC is applicable
2023-04-17 00:00:33,723 [INFO] Rule:228 - rule GTZC_S instance for mcu.IP is applicable
2023-04-17 00:00:33,723 [INFO] Rule:228 - rule GTZC_S instance for VP is applicable
2023-04-17 00:00:33,724 [INFO] Rule:228 - rule GTZC_S instance for signal is applicable
2023-04-17 00:00:33,724 [INFO] Rule:228 - rule GTZC_S instance for mcu.Pin is applicable
2023-04-17 00:00:33,724 [INFO] Rule:228 - rule GTZC_S instance for VP is applicable
2023-04-17 00:00:33,724 [INFO] Rule:228 - rule GTZC_S instance for signal is applicable
2023-04-17 00:00:33,724 [INFO] Rule:228 - rule GTZC_S instance for mcu is applicable
2023-04-17 00:00:33,725 [INFO] Rule:228 - rule GTZC_S instance for mcu.Pin is applicable
2023-04-17 00:00:33,725 [INFO] Rule:228 - rule GTZC_S instance value for IP GTZC is applicable
2023-04-17 00:00:33,725 [INFO] Rule:228 - rule GTZC_S instance for project manager is applicable
2023-04-17 00:00:33,725 [INFO] Rule:228 - rule GTZC_S instance for context M33S is applicable
2023-04-17 00:00:33,725 [INFO] Rule:228 - rule GTZC_S instance for VP is applicable
2023-04-17 00:00:33,725 [INFO] Rule:228 - rule GTZC_S instance for signal is applicable
2023-04-17 00:00:33,725 [INFO] Rule:228 - rule SPDIFRX instance for mcu is applicable
2023-04-17 00:00:33,725 [INFO] Rule:228 - rule Rename Tracer Mode is applicable
2023-04-17 00:00:33,725 [INFO] Rule:228 - rule SPDIFRX instance value for IP SPDIFRX is applicable
2023-04-17 00:00:33,725 [INFO] Rule:228 - rule SPDIFRX instance for signal is applicable
2023-04-17 00:00:33,725 [INFO] Rule:228 - rule SPDIFRX instance for project manager is applicable
2023-04-17 00:00:33,725 [INFO] Rule:228 - rule SPDIFRX instance for project manager is applicable
2023-04-17 00:00:33,725 [INFO] Rule:228 - rule ADC Scan  fix with FW F7 is applicable
2023-04-17 00:00:33,725 [INFO] Rule:228 - rule ADC Scan  fix with FW F7 is applicable
2023-04-17 00:00:33,726 [INFO] Rule:228 - rule WakeUp0 Mode is applicable
2023-04-17 00:00:33,726 [INFO] Rule:228 - rule WakeUp0 SIGNAL is applicable
2023-04-17 00:00:33,726 [INFO] Rule:228 - rule WakeUp1 Mode is applicable
2023-04-17 00:00:33,726 [INFO] Rule:228 - rule WakeUp1 SIGNAL is applicable
2023-04-17 00:00:33,726 [INFO] Rule:228 - rule WakeUp2 Mode is applicable
2023-04-17 00:00:33,726 [INFO] Rule:228 - rule WakeUp2 SIGNAL is applicable
2023-04-17 00:00:33,726 [INFO] Rule:228 - rule WakeUp4 Mode is applicable
2023-04-17 00:00:33,726 [INFO] Rule:228 - rule WakeUp4 SIGNAL is applicable
2023-04-17 00:00:33,726 [INFO] Rule:228 - rule WakeUp5 Mode is applicable
2023-04-17 00:00:33,726 [INFO] Rule:228 - rule WakeUp5 SIGNAL is applicable
2023-04-17 00:00:33,726 [INFO] Rule:228 - rule Add RTC Activate Clock Source is applicable
2023-04-17 00:00:33,726 [INFO] Rule:228 - rule Add RTC Activate Calendar 1 is applicable
2023-04-17 00:00:33,726 [INFO] Rule:228 - rule Add RTC Activate Calendar 2 is applicable
2023-04-17 00:00:33,726 [INFO] Rule:228 - rule Add RTC Activate Calendar 3 is applicable
2023-04-17 00:00:33,726 [INFO] Rule:228 - rule UART/USART TX Mode is applicable
2023-04-17 00:00:33,726 [INFO] Rule:228 - rule UART/USART RX Mode is applicable
2023-04-17 00:00:33,726 [INFO] Rule:228 - rule UART/USART RX TX Mode is applicable
2023-04-17 00:00:33,726 [INFO] Rule:228 - rule UART/USART PARITY NONE is applicable
2023-04-17 00:00:33,727 [INFO] Rule:228 - rule UART/USART PARITY EVEN is applicable
2023-04-17 00:00:33,727 [INFO] Rule:228 - rule UART/USART PARITY ODD is applicable
2023-04-17 00:00:33,727 [INFO] Rule:228 - rule USART StopBits 1 is applicable
2023-04-17 00:00:33,727 [INFO] Rule:228 - rule USART StopBits 2 is applicable
2023-04-17 00:00:33,727 [INFO] Rule:228 - rule USART StopBits 1.5 is applicable
2023-04-17 00:00:33,727 [INFO] Rule:228 - rule USART StopBits 0.5 is applicable
2023-04-17 00:00:33,727 [INFO] Rule:228 - rule UART/USART WORD LENGTH 7 is applicable
2023-04-17 00:00:33,727 [INFO] Rule:228 - rule UART/USART WORD LENGTH 8 is applicable
2023-04-17 00:00:33,727 [INFO] Rule:228 - rule UART/USART WORD LENGTH 9 is applicable
2023-04-17 00:00:33,727 [INFO] Rule:228 - rule Rename FMC NAND NCE signal is applicable
2023-04-17 00:00:33,727 [INFO] Rule:228 - rule Rename FMC NAND INT signal is applicable
2023-04-17 00:00:33,727 [INFO] Rule:228 - rule Change Default Value for LSE Drive Capability for WB family is applicable
2023-04-17 00:00:33,727 [INFO] Rule:228 - rule Change Default Value for ADC Clock Prescaler G0 family is applicable
2023-04-17 00:00:33,727 [INFO] Rule:228 - rule Change Default Value for ADC ExternalTrigConv L4 family is applicable
2023-04-17 00:00:33,727 [INFO] Rule:228 - rule Change Default Value for ADC ExternalTrigInjecConv L4 family is applicable
2023-04-17 00:00:33,727 [INFO] Rule:228 - rule Change Default Value for ADC ExternalTrigConv F3 family is applicable
2023-04-17 00:00:33,727 [INFO] Rule:228 - rule Change Default Value for ADC ExternalTrigInjecConv F3 family is applicable
2023-04-17 00:00:33,727 [INFO] Rule:228 - rule Change Default Value for ADC ExternalTrigConv Goldfish serie is applicable
2023-04-17 00:00:33,727 [INFO] Rule:228 - rule Change Default Value for ADC ExternalTrigInjecConv Goldfish serie is applicable
2023-04-17 00:00:33,727 [INFO] Rule:228 - rule Change Default Value for ADC ExternalTrigConv L0 family is applicable
2023-04-17 00:00:33,727 [INFO] Rule:228 - rule Change Default Value for ADC ExternalTrigConv F0 family is applicable
2023-04-17 00:00:33,728 [INFO] Rule:228 - rule Change Default Value for ADC ExternalTrigConvn L1 family is applicable
2023-04-17 00:00:33,728 [INFO] Rule:228 - rule Change Default Value for ADC ExternalTrigInjecConv L1 family is applicable
2023-04-17 00:00:33,728 [INFO] Rule:228 - rule Change Default Value for ADC ExternalTrigConv F1 family is applicable
2023-04-17 00:00:33,728 [INFO] Rule:228 - rule Change Default Value for ADC ExternalTrigInjecConv F1 family is applicable
2023-04-17 00:00:33,728 [INFO] Rule:228 - rule Change Default Value for ADC ExternalTrigConv F7 family is applicable
2023-04-17 00:00:33,728 [INFO] Rule:228 - rule Change Default Value for ADC ExternalTrigInjecConv F7 family is applicable
2023-04-17 00:00:33,728 [INFO] Rule:228 - rule Change Default Value for ADC ExternalTrigConv F4 and F2 family is applicable
2023-04-17 00:00:33,728 [INFO] Rule:228 - rule Change Default Value for ADC ExternalTrigInjecConv F4 and F2 family is applicable
2023-04-17 00:00:33,728 [INFO] Rule:228 - rule ADC SamplingTime fix with FW L0  is applicable
2023-04-17 00:00:33,728 [INFO] Rule:228 - rule ADC SamplingTime fix with FW L0  is applicable
2023-04-17 00:00:33,728 [INFO] Rule:228 - rule ADC SamplingTime fix with FW L0 is applicable
2023-04-17 00:00:33,728 [INFO] Rule:228 - rule ADC SamplingTime fix with FW L0 is applicable
2023-04-17 00:00:33,728 [INFO] Rule:228 - rule ADC SamplingTime fix with FW L0  is applicable
2023-04-17 00:00:33,728 [INFO] Rule:228 - rule ADC SamplingTime fix with FW L0 is applicable
2023-04-17 00:00:33,728 [INFO] Rule:228 - rule Rename USB_OE Signal is applicable
2023-04-17 00:00:33,728 [INFO] Rule:228 - rule Rename Activate_OE Mode is applicable
2023-04-17 00:00:33,728 [INFO] Rule:228 - rule Rename DIE462/DIE415 pin PC14/OSC32_IN -> PC14-OSC32_IN (PC14) is applicable
2023-04-17 00:00:33,728 [INFO] Rule:228 - rule Rename DIE462/DIE415 pin PC15/OSC32_OUT -> PC15-OSC32_OUT (PC15) is applicable
2023-04-17 00:00:33,728 [INFO] Rule:228 - rule Rename DIE462/DIE415 pin PH0/OSC_IN -> PH0-OSC_IN (PH0) is applicable
2023-04-17 00:00:33,728 [INFO] Rule:228 - rule Rename DIE462/DIE415 pin PH1/OSC_OUT -> PH1-OSC_OUT (PH1) is applicable
2023-04-17 00:00:33,729 [INFO] Rule:228 - rule Rename DIE462 pin PA13 -> PA13 (JTMS/SWDIO) is applicable
2023-04-17 00:00:33,729 [INFO] Rule:228 - rule Rename DIE415 pin PA13 -> PA13 (JTMS/SWDIO) is applicable
2023-04-17 00:00:33,729 [INFO] Rule:228 - rule Rename DIE462 pin PA14 -> PA14 (JTCK/SWCLK) is applicable
2023-04-17 00:00:33,729 [INFO] Rule:228 - rule Rename DIE415 pin PA14 -> PA14 (JTCK/SWCLK) is applicable
2023-04-17 00:00:33,729 [INFO] Rule:228 - rule Rename DIE462/DIE415 pin PA15 -> PA15 (JTDI) is applicable
2023-04-17 00:00:33,729 [INFO] Rule:228 - rule Rename DIE462 pin PB3 -> PB3 (JTD0/TRACESWO) is applicable
2023-04-17 00:00:33,729 [INFO] Rule:228 - rule Rename DIE415 pin PB3 -> PB3 (JTD0-TRACESWO) is applicable
2023-04-17 00:00:33,729 [INFO] Rule:228 - rule Rename DIE462/DIE415 pin PB4 -> PB4 (NJTRST) is applicable
2023-04-17 00:00:33,729 [INFO] Rule:228 - rule Rename DIE462 pin PH3/BOOT0 -> PH3-BOOT0 (BOOT0) is applicable
2023-04-17 00:00:33,729 [INFO] Rule:228 - rule Rename CRYP DataEncryptionTypesList to Algorithm is applicable
2023-04-17 00:00:33,729 [INFO] Rule:228 - rule Rename AES DataEncryptionTypesList to Algorithm is applicable
2023-04-17 00:00:33,730 [INFO] Rule:228 - rule Rename TDESECB to CRYP_TDES_ECB is applicable
2023-04-17 00:00:33,730 [INFO] Rule:228 - rule Rename TDESCBC to CRYP_TDES_CBC is applicable
2023-04-17 00:00:33,730 [INFO] Rule:228 - rule Rename DESECB to CRYP_DES_ECB is applicable
2023-04-17 00:00:33,730 [INFO] Rule:228 - rule Rename DESCBC to CRYP_DES_CBC is applicable
2023-04-17 00:00:33,731 [INFO] Rule:228 - rule Rename AESECB to CRYP_AES_ECB is applicable
2023-04-17 00:00:33,731 [INFO] Rule:228 - rule Rename AESCBC to CRYP_AES_CBC is applicable
2023-04-17 00:00:33,731 [INFO] Rule:228 - rule Rename AESCTR to CRYP_AES_CTR is applicable
2023-04-17 00:00:33,731 [INFO] Rule:228 - rule Rename AESGCM to CRYP_AES_GCM is applicable
2023-04-17 00:00:33,731 [INFO] Rule:228 - rule Rename AESCCM to CRYP_AES_CCM is applicable
2023-04-17 00:00:33,731 [INFO] Rule:228 - rule Rename CAN TimeSeg1 to BS1 is applicable
2023-04-17 00:00:33,731 [INFO] Rule:228 - rule Rename CAN TimeSeg2 to BS2 is applicable
2023-04-17 00:00:33,731 [INFO] Rule:228 - rule Rename CAN SyncJumpWidth to SJW is applicable
2023-04-17 00:00:33,732 [INFO] Rule:228 - rule TimeTriggeredMode to TTCM is applicable
2023-04-17 00:00:33,732 [INFO] Rule:228 - rule Rename CAN AutoBusOff to ABOM is applicable
2023-04-17 00:00:33,732 [INFO] Rule:228 - rule Rename CAN AutoWakeUp to AWUM is applicable
2023-04-17 00:00:33,732 [INFO] Rule:228 - rule Rename CAN AutoRetransmission to NART is applicable
2023-04-17 00:00:33,732 [INFO] Rule:228 - rule Rename CAN ReceiveFifoLocked to RFLM is applicable
2023-04-17 00:00:33,732 [INFO] Rule:228 - rule Rename CAN TransmitFifoPriority to TXFP is applicable
2023-04-17 00:00:33,732 [INFO] Rule:228 - rule Rename HRTIMER HRTIM_OUTPUTFAULTLEVEL_HIGH in HRTIMER HRTIM_OUTPUTFAULTLEVEL_HIGHZ is applicable
2023-04-17 00:00:33,732 [INFO] Rule:228 - rule Rename TIMER TIM_CLEARINPUTSOURCE_OCREFCLR in  TIMER TIM_CLEARINPUTSOURCE_NONE for F7 family is applicable
2023-04-17 00:00:33,732 [INFO] Rule:228 - rule FDCAN_R1 - Rename FDCAN mode Master into Classic is applicable
2023-04-17 00:00:33,732 [INFO] Rule:228 - rule FDCAN_R2 - Rename FDCAN mode Slave into Classic is applicable
2023-04-17 00:00:33,732 [INFO] Rule:228 - rule FDCAN1_R3 - if PA10.Mode=FullDuplex, add Pin PA12 is applicable
2023-04-17 00:00:33,733 [INFO] Rule:228 - rule FDCAN1_R3 - if PA9.Mode=FullDuplex, add Pin PA11 is applicable
2023-04-17 00:00:33,733 [INFO] Rule:228 - rule FDCAN1_R3 - Alternatepin_1 - if PE1.Mode=FullDuplex, add Pin PB9 is applicable
2023-04-17 00:00:33,733 [INFO] Rule:228 - rule FDCAN1_R3 - Alternatepin_1 - if PE0.Mode=FullDuplex, add Pin PB8 is applicable
2023-04-17 00:00:33,733 [INFO] Rule:228 - rule FDCAN1_R3 - Alternatepin_2 - if PD5.Mode=FullDuplex, add Pin PD1 is applicable
2023-04-17 00:00:33,733 [INFO] Rule:228 - rule FDCAN1_R3 - Alternatepin_2 - if PD4.Mode=FullDuplex, add Pin PD0 is applicable
2023-04-17 00:00:33,733 [INFO] Rule:228 - rule FDCAN1_R4 - Rename Mode FullDuplex into Enable FDCAN_TXFD for pin PA10 is applicable
2023-04-17 00:00:33,733 [INFO] Rule:228 - rule FDCAN1_R4 - Rename Mode FullDuplex into Enable FDCAN_TXFD for pin PA9 is applicable
2023-04-17 00:00:33,733 [INFO] Rule:228 - rule FDCAN1_R4 - Alternatepin_1 - Rename Mode FullDuplex into Enable FDCAN_TXFD for pin PE1 is applicable
2023-04-17 00:00:33,733 [INFO] Rule:228 - rule FDCAN1_R4 - Alternatepin_1 - Rename Mode FullDuplex into Enable FDCAN_TXFD for pin PE0 is applicable
2023-04-17 00:00:33,733 [INFO] Rule:228 - rule FDCAN1_R4 - Alternatepin_2 - Rename Mode FullDuplex into Enable FDCAN_TXFD for pin PD5 is applicable
2023-04-17 00:00:33,733 [INFO] Rule:228 - rule FDCAN1_R4 - Alternatepin_2 - Rename Mode FullDuplex into Enable FDCAN_TXFD for pin PD4 is applicable
2023-04-17 00:00:33,734 [INFO] Rule:228 - rule FDCAN2_R3 - if PD10.Mode=FullDuplex, add Pin PB13 is applicable
2023-04-17 00:00:33,734 [INFO] Rule:228 - rule FDCAN2_R3 - if PD9.Mode=FullDuplex, add Pin PB12 is applicable
2023-04-17 00:00:33,734 [INFO] Rule:228 - rule FDCAN2_R3 - Alternatepin_1 - if PB7.Mode=FullDuplex, add Pin PB6 is applicable
2023-04-17 00:00:33,735 [INFO] Rule:228 - rule FDCAN2_R3 - Alternatepin_1 - if PD9.Mode=FullDuplex, add Pin PB12 is applicable
2023-04-17 00:00:33,735 [INFO] Rule:228 - rule FDCAN2_R4 - Rename Mode FullDuplex into Enable FDCAN_TXFD for pin PD10 is applicable
2023-04-17 00:00:33,735 [INFO] Rule:228 - rule FDCAN2_R4 - Rename Mode FullDuplex into Enable FDCAN_TXFD for pin PD9 is applicable
2023-04-17 00:00:33,735 [INFO] Rule:228 - rule FDCAN2_R4 - Alternatepin_1 - Rename Mode FullDuplex into Enable FDCAN_TXFD for pin PB7 is applicable
2023-04-17 00:00:33,735 [INFO] Rule:228 - rule FDCAN2_R4 - Alternatepin_1 - Rename Mode FullDuplex into Enable FDCAN_TXFD for pin PD6 is applicable
2023-04-17 00:00:33,735 [INFO] Rule:228 - rule USART TxPinLevelInvertParam Mode is applicable
2023-04-17 00:00:33,735 [INFO] Rule:228 - rule USART RxPinLevelInvertParam Mode is applicable
2023-04-17 00:00:33,735 [INFO] Rule:228 - rule USART DataInvertParam Mode is applicable
2023-04-17 00:00:33,736 [INFO] Rule:228 - rule USART SwapParam Mode is applicable
2023-04-17 00:00:33,736 [INFO] Rule:228 - rule USART OverrunDisableParam Mode is applicable
2023-04-17 00:00:33,736 [INFO] Rule:228 - rule USART DMADisableonRxErrorParam Mode is applicable
2023-04-17 00:00:33,736 [INFO] Rule:228 - rule USART MSBFirstParam Mode is applicable
2023-04-17 00:00:33,736 [INFO] Rule:228 - rule Update MwName for USB_DEVICE is applicable
2023-04-17 00:00:33,736 [INFO] Rule:228 - rule Change PWR_Regulator_Voltage_Scale Default Value for RCC  H7 family is applicable
2023-04-17 00:00:33,736 [INFO] Rule:228 - rule UART/USART IPParameter rename Prescaler parameter to ClockPrescaler is applicable
2023-04-17 00:00:33,736 [INFO] Rule:228 - rule UART/USART Prescaler rename Prescaler parameter to ClockPrescaler is applicable
2023-04-17 00:00:33,736 [INFO] Rule:228 - rule TIM1CLockSelection is applicable
2023-04-17 00:00:33,737 [INFO] Rule:228 - rule TIM15CLockSelection is applicable
2023-04-17 00:00:33,737 [INFO] Rule:228 - rule align RCC SDMMC3CLockSelection default value on MP1 is applicable
2023-04-17 00:00:33,737 [INFO] Rule:228 - rule align RCC SDMMC12CLockSelection default value on MP1 is applicable
2023-04-17 00:00:33,737 [INFO] Rule:228 - rule align RCC QSPICLockSelection default value on MP1 is applicable
2023-04-17 00:00:33,737 [INFO] Rule:228 - rule align RCC QSPICLockSelection default value on MP1 is applicable
2023-04-17 00:00:33,737 [INFO] Rule:228 - rule align RCC SPI6CLockSelection default value on MP1 is applicable
2023-04-17 00:00:33,737 [INFO] Rule:228 - rule align RCC LPTIM23CLockSelection default value on MP1 is applicable
2023-04-17 00:00:33,737 [INFO] Rule:228 - rule align RCC LPTIM1CLockSelection default value on MP1 is applicable
2023-04-17 00:00:33,737 [INFO] Rule:228 - rule align RCC USART1CLockSelection default value on MP1 is applicable
2023-04-17 00:00:33,737 [INFO] Rule:228 - rule align RCC USART24CLockSelection default value on MP1 is applicable
2023-04-17 00:00:33,737 [INFO] Rule:228 - rule align RCC USART6CLockSelection default value on MP1 is applicable
2023-04-17 00:00:33,737 [INFO] Rule:228 - rule align RCC UART78CLockSelection default value on MP1 is applicable
2023-04-17 00:00:33,738 [INFO] Rule:228 - rule align RCC USART35CLockSelection default value on MP1 is applicable
2023-04-17 00:00:33,738 [INFO] Rule:228 - rule align RCC SPI45CLockSelection default value on MP1 is applicable
2023-04-17 00:00:33,738 [INFO] Rule:228 - rule align RCC I2C46CLockSelection BCLK value on MP1 is applicable
2023-04-17 00:00:33,738 [INFO] Rule:228 - rule align RCC SPI45CLockSelection default value on MP1 is applicable
2023-04-17 00:00:33,738 [INFO] Rule:228 - rule align RCC I2C12CLockSelection default value on MP1 is applicable
2023-04-17 00:00:33,738 [INFO] Rule:228 - rule align RCC I2C35CLockSelection default value on MP1 is applicable
2023-04-17 00:00:33,738 [INFO] Rule:228 - rule align RCC LPTIM45CLockSelection default value on MP1 is applicable
2023-04-17 00:00:33,738 [INFO] Rule:228 - rule Rename DCMI PIXCK signal is applicable
2023-04-17 00:00:33,738 [INFO] Rule:228 - rule Change Default Value for I2C46CLockSelection MP1 family is applicable
2023-04-17 00:00:33,738 [INFO] Rule:228 - rule Change Default Value for UART for G4, G0 and WB families is applicable
2023-04-17 00:00:33,738 [INFO] Rule:228 - rule Change Default Value for USART for G4, G0 and WB families is applicable
2023-04-17 00:00:33,738 [INFO] Rule:228 - rule Change Default Value for USART for G4 family is applicable
2023-04-17 00:00:33,738 [INFO] Rule:228 - rule Change USART1CLockSelection refparam name for MP1 is applicable
2023-04-17 00:00:33,738 [INFO] Rule:228 - rule Change USART2CLockSelection refparam name for MP1 is applicable
2023-04-17 00:00:33,738 [INFO] Rule:228 - rule Change USART3CLockSelection refparam name for MP1 is applicable
2023-04-17 00:00:33,738 [INFO] Rule:228 - rule Change UART4CLockSelection refparam name for MP1 is applicable
2023-04-17 00:00:33,738 [INFO] Rule:228 - rule Change UART5CLockSelection refparam name for MP1 is applicable
2023-04-17 00:00:33,738 [INFO] Rule:228 - rule Change LPUART1CLockSelection refparam name for MP1 is applicable
2023-04-17 00:00:33,739 [INFO] Rule:228 - rule Change LPTIM1CLockSelection refparam name for MP1 is applicable
2023-04-17 00:00:33,739 [INFO] Rule:228 - rule Change LPTIM2CLockSelection refparam name for MP1 is applicable
2023-04-17 00:00:33,739 [INFO] Rule:228 - rule Change RCC_MCO1Source refparam name for MP1 is applicable
2023-04-17 00:00:33,739 [INFO] Rule:228 - rule Change LSCOSource1 refparam name for MP1 is applicable
2023-04-17 00:00:33,739 [INFO] Rule:228 - rule Change SMPSCLockSelection refparam name for MP1 is applicable
2023-04-17 00:00:33,739 [INFO] Rule:228 - rule Change LPTIM3CLockSelection refparam name for MP1 is applicable
2023-04-17 00:00:33,739 [INFO] Rule:228 - rule Change MPCBB* Default Template Mode to Parameters is applicable
2023-04-17 00:00:33,739 [INFO] Rule:228 - rule Change MPCWM* or MPCBB* Secure Mode to Parameters is applicable
2023-04-17 00:00:33,739 [INFO] Rule:228 - rule Change MPCWM* or MPCBB* No Secure Mode to Parameters is applicable
2023-04-17 00:00:33,739 [INFO] Rule:228 - rule Change TZSC IP Secure Mode to Parameters is applicable
2023-04-17 00:00:33,739 [INFO] Rule:228 - rule Change TZSC IP No Secure Mode to Parameters is applicable
2023-04-17 00:00:33,739 [INFO] Rule:228 - rule Change TZSC IP Privilege Mode to Parameters is applicable
2023-04-17 00:00:33,739 [INFO] Rule:228 - rule Change TZSC IP No Privilege Mode to Parameters is applicable
2023-04-17 00:00:33,739 [INFO] Rule:228 - rule Change TZIC IT Secure Mode to Parameters is applicable
2023-04-17 00:00:33,739 [INFO] Rule:228 - rule Change TZIC IT No Secure Mode to Parameters is applicable
2023-04-17 00:00:33,739 [INFO] Rule:228 - rule Add MPCBB1_NonSecureArea_Start_Address value with referenced to MPCBB1_NonSecureArea_Start value is applicable
2023-04-17 00:00:33,740 [INFO] Rule:228 - rule Add MPCBB2_NonSecureArea_Start_Address value with referenced to MPCBB2_NonSecureArea_Start value is applicable
2023-04-17 00:00:33,740 [INFO] Rule:228 - rule Add MPCWM1_NonSecureArea*_Start_Address value with referenced to MPCWM1_NonSecureArea*_Start value is applicable
2023-04-17 00:00:33,740 [INFO] Rule:228 - rule Add MPCWM2_NonSecureArea*_Start_Address value with referenced to MPCWM2_NonSecureArea*_Start value is applicable
2023-04-17 00:00:33,740 [INFO] Rule:228 - rule Add MPCWM3_NonSecureArea_Start_Address value with referenced to MPCWM3_NonSecureArea_Start value is applicable
2023-04-17 00:00:33,740 [INFO] Rule:228 - rule Change Default Value for PLL1UserDefinedConfig is applicable
2023-04-17 00:00:33,740 [INFO] Rule:228 - rule Change GPIO_PuPd Default Value for USART in async mode is applicable
2023-04-17 00:00:33,740 [INFO] Rule:228 - rule Change SMPSDivider Default Value is applicable
2023-04-17 00:00:33,740 [INFO] Rule:228 - rule OPAMP is applicable
2023-04-17 00:00:33,740 [INFO] Rule:228 - rule LPUART IPParameter rename Prescaler parameter to ClockPrescaler for STM32H7 is applicable
2023-04-17 00:00:33,740 [INFO] Rule:228 - rule LPUART IPParameter rename Prescaler parameter to ClockPrescaler for STM32H7 is applicable
2023-04-17 00:00:33,740 [INFO] Rule:228 - rule LPUART IPParameter rename Prescaler parameter to ClockPrescaler for STM32WB is applicable
2023-04-17 00:00:33,740 [INFO] Rule:228 - rule LPUART IPParameter rename Prescaler parameter to ClockPrescaler for STM32WB is applicable
2023-04-17 00:00:33,740 [INFO] Rule:228 - rule LPUART IPParameter rename Prescaler parameter to ClockPrescaler for STM32G4 is applicable
2023-04-17 00:00:33,740 [INFO] Rule:228 - rule LPUART IPParameter rename Prescaler parameter to ClockPrescaler for STM32G4 is applicable
2023-04-17 00:00:33,740 [INFO] Rule:228 - rule LPUART IPParameter rename Prescaler parameter to ClockPrescaler for STM32L5 is applicable
2023-04-17 00:00:33,740 [INFO] Rule:228 - rule LPUART IPParameter rename Prescaler parameter to ClockPrescaler for STM32L5 is applicable
2023-04-17 00:00:33,740 [INFO] Rule:228 - rule LPUART IPParameter rename Prescaler parameter to ClockPrescaler for STM32G4 is applicable
2023-04-17 00:00:33,740 [INFO] Rule:228 - rule LPUART IPParameter rename Prescaler parameter to ClockPrescaler for STM32G4 is applicable
2023-04-17 00:00:33,740 [INFO] Rule:228 - rule USB device lib V2.5.3 for L0 rename USBD_SUPPORT_USER_STRING parameter to USBD_SUPPORT_USER_STRING_DESC4 is applicable
2023-04-17 00:00:33,740 [INFO] Rule:228 - rule I2SCLockSelection clock entry align is applicable
2023-04-17 00:00:33,740 [INFO] Rule:228 - rule Assign TIMx context if used as SYS timebase is applicable
2023-04-17 00:00:33,740 [INFO] Rule:228 - rule Change GPIO_Pu Default Value for I2C is applicable
2023-04-17 00:00:33,741 [INFO] Rule:228 - rule Change GPIO_Pu Default Value for SMBus is applicable
2023-04-17 00:00:33,741 [INFO] Rule:228 - rule change FDCAN default value is applicable
2023-04-17 00:00:33,741 [INFO] Rule:228 - rule Change mode sai is applicable
2023-04-17 00:00:33,741 [INFO] Rule:228 - rule **Change sai mode is applicable
2023-04-17 00:00:33,760 [INFO] DbConfProperties:307 - Apply Compatibility (49/258 Rules)
2023-04-17 00:00:33,778 [INFO] ImportTextPane:194 - (OptionalMessage_ERROR) Unable to find key (Mcu.ThirdPartyNb) in loaded IOC file
2023-04-17 00:00:34,178 [INFO] RtosManager:555 - Registered RTOS mode: class=CMSIS, group=RTOS, mode=CMSIS_V1, owner=FREERTOS
2023-04-17 00:00:34,179 [INFO] RtosManager:555 - Registered RTOS mode: class=CMSIS, group=RTOS2, mode=CMSIS_V2, owner=FREERTOS
2023-04-17 00:00:34,179 [INFO] RtosManager:555 - Registered RTOS mode: class=RTOS, group=Core, mode=CMSIS_V1, owner=FREERTOS
2023-04-17 00:00:34,179 [INFO] RtosManager:555 - Registered RTOS mode: class=RTOS, group=Core, mode=CMSIS_V2, owner=FREERTOS
2023-04-17 00:00:34,179 [WARN] ModelIntegratedComponent:184 - Missing modes for component STMicroelectronics:FreeRTOS:0.0.1:STMicroelectronics:RTOS:FreeRTOS:Core:::10.2.0:
2023-04-17 00:00:34,186 [WARN] ModelIntegratedComponent:182 - Modes not found for component STMicroelectronics:USB_HOST:1.0.0:STMicroelectronics:USB::USB Host:Audio HS::1.0:USB_HOST_1_0_RESTRICTED_HS
2023-04-17 00:00:34,186 [WARN] ModelIntegratedComponent:188 - Modes not found for component STMicroelectronics:USB_HOST:1.0.0:STMicroelectronics:USB::USB Host:Audio HS::1.0:USB_HOST_1_0_RESTRICTED_HS
2023-04-17 00:00:34,186 [WARN] ModelIntegratedComponent:182 - Modes not found for component STMicroelectronics:USB_HOST:1.0.0:STMicroelectronics:USB::USB Host:CDC HS::1.0:USB_HOST_1_0_RESTRICTED_HS
2023-04-17 00:00:34,186 [WARN] ModelIntegratedComponent:188 - Modes not found for component STMicroelectronics:USB_HOST:1.0.0:STMicroelectronics:USB::USB Host:CDC HS::1.0:USB_HOST_1_0_RESTRICTED_HS
2023-04-17 00:00:34,186 [WARN] ModelIntegratedComponent:182 - Modes not found for component STMicroelectronics:USB_HOST:1.0.0:STMicroelectronics:USB::USB Host:MSC HS::1.0:USB_HOST_1_0_RESTRICTED_HS
2023-04-17 00:00:34,186 [WARN] ModelIntegratedComponent:188 - Modes not found for component STMicroelectronics:USB_HOST:1.0.0:STMicroelectronics:USB::USB Host:MSC HS::1.0:USB_HOST_1_0_RESTRICTED_HS
2023-04-17 00:00:34,186 [WARN] ModelIntegratedComponent:182 - Modes not found for component STMicroelectronics:USB_HOST:1.0.0:STMicroelectronics:USB::USB Host:HID HS::1.0:USB_HOST_1_0_RESTRICTED_HS
2023-04-17 00:00:34,187 [WARN] ModelIntegratedComponent:188 - Modes not found for component STMicroelectronics:USB_HOST:1.0.0:STMicroelectronics:USB::USB Host:HID HS::1.0:USB_HOST_1_0_RESTRICTED_HS
2023-04-17 00:00:34,187 [WARN] ModelIntegratedComponent:182 - Modes not found for component STMicroelectronics:USB_HOST:1.0.0:STMicroelectronics:USB::USB Host:MTP HS::1.0:USB_HOST_1_0_RESTRICTED_HS
2023-04-17 00:00:34,187 [WARN] ModelIntegratedComponent:188 - Modes not found for component STMicroelectronics:USB_HOST:1.0.0:STMicroelectronics:USB::USB Host:MTP HS::1.0:USB_HOST_1_0_RESTRICTED_HS
2023-04-17 00:00:34,204 [WARN] ModelIntegratedComponent:63 - No mode defined for component null
2023-04-17 00:00:34,204 [WARN] ModelIntegratedComponent:63 - No mode defined for component null
2023-04-17 00:00:34,204 [WARN] ModelIntegratedComponent:63 - No mode defined for component null
2023-04-17 00:00:34,204 [WARN] ModelIntegratedComponent:63 - No mode defined for component null
2023-04-17 00:00:34,204 [WARN] ModelIntegratedComponent:63 - No mode defined for component null
2023-04-17 00:00:34,204 [WARN] ModelIntegratedComponent:63 - No mode defined for component null
2023-04-17 00:00:34,204 [WARN] ModelIntegratedComponent:63 - No mode defined for component null
2023-04-17 00:00:34,204 [WARN] ModelIntegratedComponent:63 - No mode defined for component null
2023-04-17 00:00:34,204 [WARN] ModelIntegratedComponent:63 - No mode defined for component null
2023-04-17 00:00:34,204 [WARN] ModelIntegratedComponent:63 - No mode defined for component null
2023-04-17 00:00:34,204 [WARN] ModelIntegratedComponent:63 - No mode defined for component null
2023-04-17 00:00:34,204 [WARN] ModelIntegratedComponent:63 - No mode defined for component null
2023-04-17 00:00:34,204 [WARN] ModelIntegratedComponent:63 - No mode defined for component null
2023-04-17 00:00:34,204 [WARN] ModelIntegratedComponent:63 - No mode defined for component null
2023-04-17 00:00:34,204 [WARN] ModelIntegratedComponent:63 - No mode defined for component null
2023-04-17 00:00:34,205 [WARN] ModelIntegratedComponent:63 - No mode defined for component null
2023-04-17 00:00:34,205 [WARN] ModelIntegratedComponent:63 - No mode defined for component null
2023-04-17 00:00:34,205 [WARN] ModelIntegratedComponent:63 - No mode defined for component null
2023-04-17 00:00:34,205 [WARN] ModelIntegratedComponent:63 - No mode defined for component null
2023-04-17 00:00:34,205 [WARN] ModelIntegratedComponent:63 - No mode defined for component null
2023-04-17 00:00:34,205 [WARN] ModelIntegratedComponent:63 - No mode defined for component null
2023-04-17 00:00:34,205 [WARN] ModelIntegratedComponent:63 - No mode defined for component null
2023-04-17 00:00:34,205 [WARN] ModelIntegratedComponent:63 - No mode defined for component null
2023-04-17 00:00:34,205 [WARN] ModelIntegratedComponent:63 - No mode defined for component null
2023-04-17 00:00:34,205 [WARN] ModelIntegratedComponent:63 - No mode defined for component null
2023-04-17 00:00:34,205 [WARN] ModelIntegratedComponent:63 - No mode defined for component null
2023-04-17 00:00:34,205 [WARN] ModelIntegratedComponent:63 - No mode defined for component null
2023-04-17 00:00:34,205 [WARN] ModelIntegratedComponent:63 - No mode defined for component null
2023-04-17 00:00:34,205 [WARN] ModelIntegratedComponent:63 - No mode defined for component null
2023-04-17 00:00:34,205 [WARN] ModelIntegratedComponent:63 - No mode defined for component null
2023-04-17 00:00:34,205 [WARN] ModelIntegratedComponent:63 - No mode defined for component null
2023-04-17 00:00:34,206 [WARN] ModelIntegratedComponent:63 - No mode defined for component null
2023-04-17 00:00:34,206 [WARN] ModelIntegratedComponent:63 - No mode defined for component null
2023-04-17 00:00:34,368 [WARN] ModelIntegratedComponent:182 - Modes not found for component STMicroelectronics:USB_DEVICE:1.0.0:STMicroelectronics:USB::USB Device:Audio HS::1.0:USB_DEVICE_1_0_RESTRICTED_HS
2023-04-17 00:00:34,368 [WARN] ModelIntegratedComponent:188 - Modes not found for component STMicroelectronics:USB_DEVICE:1.0.0:STMicroelectronics:USB::USB Device:Audio HS::1.0:USB_DEVICE_1_0_RESTRICTED_HS
2023-04-17 00:00:34,368 [WARN] ModelIntegratedComponent:182 - Modes not found for component STMicroelectronics:USB_DEVICE:1.0.0:STMicroelectronics:USB::USB Device:CDC HS::1.0:USB_DEVICE_1_0_RESTRICTED_HS
2023-04-17 00:00:34,368 [WARN] ModelIntegratedComponent:188 - Modes not found for component STMicroelectronics:USB_DEVICE:1.0.0:STMicroelectronics:USB::USB Device:CDC HS::1.0:USB_DEVICE_1_0_RESTRICTED_HS
2023-04-17 00:00:34,368 [WARN] ModelIntegratedComponent:182 - Modes not found for component STMicroelectronics:USB_DEVICE:1.0.0:STMicroelectronics:USB::USB Device:DFU HS::1.0:USB_DEVICE_1_0_RESTRICTED_HS
2023-04-17 00:00:34,368 [WARN] ModelIntegratedComponent:188 - Modes not found for component STMicroelectronics:USB_DEVICE:1.0.0:STMicroelectronics:USB::USB Device:DFU HS::1.0:USB_DEVICE_1_0_RESTRICTED_HS
2023-04-17 00:00:34,368 [WARN] ModelIntegratedComponent:182 - Modes not found for component STMicroelectronics:USB_DEVICE:1.0.0:STMicroelectronics:USB::USB Device:HID HS::1.0:USB_DEVICE_1_0_RESTRICTED_HS
2023-04-17 00:00:34,368 [WARN] ModelIntegratedComponent:188 - Modes not found for component STMicroelectronics:USB_DEVICE:1.0.0:STMicroelectronics:USB::USB Device:HID HS::1.0:USB_DEVICE_1_0_RESTRICTED_HS
2023-04-17 00:00:34,368 [WARN] ModelIntegratedComponent:182 - Modes not found for component STMicroelectronics:USB_DEVICE:1.0.0:STMicroelectronics:USB::USB Device:Custom HID HS::1.0:USB_DEVICE_1_0_RESTRICTED_HS
2023-04-17 00:00:34,368 [WARN] ModelIntegratedComponent:188 - Modes not found for component STMicroelectronics:USB_DEVICE:1.0.0:STMicroelectronics:USB::USB Device:Custom HID HS::1.0:USB_DEVICE_1_0_RESTRICTED_HS
2023-04-17 00:00:34,368 [WARN] ModelIntegratedComponent:182 - Modes not found for component STMicroelectronics:USB_DEVICE:1.0.0:STMicroelectronics:USB::USB Device:MSC HS::1.0:USB_DEVICE_1_0_RESTRICTED_HS
2023-04-17 00:00:34,368 [WARN] ModelIntegratedComponent:188 - Modes not found for component STMicroelectronics:USB_DEVICE:1.0.0:STMicroelectronics:USB::USB Device:MSC HS::1.0:USB_DEVICE_1_0_RESTRICTED_HS
2023-04-17 00:00:34,395 [INFO] ThirdPartyModel:298 - Start build external matchings
2023-04-17 00:00:35,290 [INFO] ThirdPartyModel:316 - End build external matchings
2023-04-17 00:00:35,317 [INFO] ImportTextPane:194 - (OptionalMessage_ERROR) IP (RCC) : Parameter (48MHZClocksFreq_Value) has invalid value (84000000)
2023-04-17 00:00:35,319 [INFO] ImportTextPane:194 - (OptionalMessage_ERROR) IP (RCC) : Parameter (FLatency) has Id (AdvancedSettings) currently not set
2023-04-17 00:00:35,319 [INFO] ImportTextPane:194 - (OptionalMessage_ERROR) IP (RCC) : Parameter (RTCHSEDivFreq_Value) has invalid value (4000000)
2023-04-17 00:00:35,608 [INFO] UtilMem:75 - End LoadConfig() Used Memory: 466954352 Bytes (559939584)
2023-04-17 00:00:35,741 [WARN] ThirdParty:833 - waiting for thirdparty lock release [change project]
2023-04-17 00:00:35,741 [INFO] ThirdParty:835 - entering critical section [change project]
2023-04-17 00:00:35,741 [INFO] ThirdParty:1030 - CMSIS Pack Vendor :STMicroelectronics X-CUBE-ISPU 1.1.0
2023-04-17 00:00:35,741 [INFO] ThirdParty:1030 - CMSIS Pack Vendor :RoweBots I-CUBE-UNISONRTOS 5.5.0-4
2023-04-17 00:00:35,741 [INFO] ThirdParty:1030 - CMSIS Pack Vendor :STMicroelectronics X-CUBE-GNSS1 6.0.0
2023-04-17 00:00:35,741 [INFO] ThirdParty:1030 - CMSIS Pack Vendor :STMicroelectronics USB_HOST 2.0.0
2023-04-17 00:00:35,741 [INFO] ThirdParty:1030 - CMSIS Pack Vendor :STMicroelectronics X-CUBE-AZRTOS-F4 1.1.0
2023-04-17 00:00:35,741 [INFO] ThirdParty:1030 - CMSIS Pack Vendor :STMicroelectronics LIBJPEG 8.0.0
2023-04-17 00:00:35,741 [INFO] ThirdParty:1030 - CMSIS Pack Vendor :STMicroelectronics X-CUBE-SMBUS 2.1.0
2023-04-17 00:00:35,741 [INFO] ThirdParty:1030 - CMSIS Pack Vendor :STMicroelectronics USB_DEVICE 3.0.0
2023-04-17 00:00:35,741 [INFO] ThirdParty:1030 - CMSIS Pack Vendor :STMicroelectronics X-CUBE-AI 8.0.0
2023-04-17 00:00:35,741 [INFO] ThirdParty:1030 - CMSIS Pack Vendor :STMicroelectronics X-CUBE-FREERTOS 1.0.0
2023-04-17 00:00:35,741 [INFO] ThirdParty:1030 - CMSIS Pack Vendor :STMicroelectronics X-CUBE-FREERTOS 1.0.1
2023-04-17 00:00:35,741 [INFO] ThirdParty:1030 - CMSIS Pack Vendor :STMicroelectronics X-CUBE-TOUCHGFX 4.21.1
2023-04-17 00:00:35,741 [INFO] ThirdParty:1030 - CMSIS Pack Vendor :STMicroelectronics X-CUBE-TOUCHGFX 4.21.0
2023-04-17 00:00:35,742 [INFO] ThirdParty:1030 - CMSIS Pack Vendor :STMicroelectronics X-CUBE-TOUCHGFX 4.21.3
2023-04-17 00:00:35,742 [INFO] ThirdParty:1030 - CMSIS Pack Vendor :STMicroelectronics X-CUBE-AZRTOS-F7 1.1.0
2023-04-17 00:00:35,742 [INFO] ThirdParty:1030 - CMSIS Pack Vendor :STMicroelectronics X-CUBE-MEMS1 9.4.0
2023-04-17 00:00:35,742 [INFO] ThirdParty:1030 - CMSIS Pack Vendor :STMicroelectronics USB_DEVICE 2.0.0
2023-04-17 00:00:35,742 [INFO] ThirdParty:1030 - CMSIS Pack Vendor :STMicroelectronics X-CUBE-AI 7.3.0
2023-04-17 00:00:35,742 [INFO] ThirdParty:1030 - CMSIS Pack Vendor :STMicroelectronics X-CUBE-ALGOBUILD 1.3.0
2023-04-17 00:00:35,742 [INFO] ThirdParty:1030 - CMSIS Pack Vendor :STMicroelectronics X-CUBE-BLE1 6.2.4
2023-04-17 00:00:35,742 [INFO] ThirdParty:1030 - CMSIS Pack Vendor :STMicroelectronics X-CUBE-AZRTOS-L5 1.1.0
2023-04-17 00:00:35,742 [INFO] ThirdParty:1030 - CMSIS Pack Vendor :STMicroelectronics FreeRTOS 0.0.1
2023-04-17 00:00:35,742 [INFO] ThirdParty:1030 - CMSIS Pack Vendor :emotas I-CUBE-CANOPEN 1.1.3
2023-04-17 00:00:35,742 [INFO] ThirdParty:1030 - CMSIS Pack Vendor :STMicroelectronics X-CUBE-AZRTOS-G0 1.1.0
2023-04-17 00:00:35,742 [INFO] ThirdParty:1030 - CMSIS Pack Vendor :STMicroelectronics X-CUBE-BLEMGR 2.0.0
2023-04-17 00:00:35,742 [INFO] ThirdParty:1030 - CMSIS Pack Vendor :STMicroelectronics X-CUBE-SUBG2 5.0.0
2023-04-17 00:00:35,742 [INFO] ThirdParty:1030 - CMSIS Pack Vendor :STMicroelectronics X-CUBE-NFC4 3.0.0
2023-04-17 00:00:35,742 [INFO] ThirdParty:1030 - CMSIS Pack Vendor :STMicroelectronics STM32_WPAN 1.0.0
2023-04-17 00:00:35,742 [INFO] ThirdParty:1030 - CMSIS Pack Vendor :STMicroelectronics lwIP 2.0.3
2023-04-17 00:00:35,742 [INFO] ThirdParty:1030 - CMSIS Pack Vendor :STMicroelectronics X-CUBE-NFC4 2.0.5
2023-04-17 00:00:35,742 [INFO] ThirdParty:1030 - CMSIS Pack Vendor :STMicroelectronics USB_HOST 1.0.0
2023-04-17 00:00:35,742 [INFO] ThirdParty:1030 - CMSIS Pack Vendor :STMicroelectronics PDM2PCM 3.1.0
2023-04-17 00:00:35,742 [INFO] ThirdParty:1030 - CMSIS Pack Vendor :STMicroelectronics X-CUBE-AZRTOS-H7 3.1.0
2023-04-17 00:00:35,742 [INFO] ThirdParty:1030 - CMSIS Pack Vendor :STMicroelectronics X-CUBE-TOF1 3.3.0
2023-04-17 00:00:35,742 [INFO] ThirdParty:1030 - CMSIS Pack Vendor :STMicroelectronics FP-ATR-ASTRA1 1.1.1
2023-04-17 00:00:35,742 [INFO] ThirdParty:1030 - CMSIS Pack Vendor :STMicroelectronics PDM2PCM 3.3.0
2023-04-17 00:00:35,742 [INFO] ThirdParty:1030 - CMSIS Pack Vendor :STMicroelectronics X-CUBE-DISPLAY 3.0.0
2023-04-17 00:00:35,742 [INFO] ThirdParty:1030 - CMSIS Pack Vendor :STMicroelectronics X-CUBE-BLEMGR 1.3.0
2023-04-17 00:00:35,742 [INFO] ThirdParty:1030 - CMSIS Pack Vendor :STMicroelectronics X-CUBE-AZRTOS-G4 1.0.0
2023-04-17 00:00:35,742 [INFO] ThirdParty:1030 - CMSIS Pack Vendor :STMicroelectronics FP-ATR-SIGFOX1 3.2.0
2023-04-17 00:00:35,742 [INFO] ThirdParty:1030 - CMSIS Pack Vendor :wolfSSL I-CUBE-wolfSSL 5.5.4
2023-04-17 00:00:35,743 [INFO] ThirdParty:1030 - CMSIS Pack Vendor :STMicroelectronics X-CUBE-AZRTOS-L4 1.0.0
2023-04-17 00:00:35,743 [INFO] ThirdParty:1030 - CMSIS Pack Vendor :STMicroelectronics HAL Drivers 0.0.0
2023-04-17 00:00:35,743 [INFO] ThirdParty:1030 - CMSIS Pack Vendor :STMicroelectronics MBEDTLS 2.16.2
2023-04-17 00:00:35,743 [INFO] ThirdParty:1030 - CMSIS Pack Vendor :STMicroelectronics MBEDTLS 2.14.1
2023-04-17 00:00:35,743 [INFO] ThirdParty:1030 - CMSIS Pack Vendor :STMicroelectronics X-CUBE-NFC7 1.0.0
2023-04-17 00:00:35,743 [INFO] ThirdParty:1030 - CMSIS Pack Vendor :STMicroelectronics X-CUBE-AZRTOS-WL 1.0.0
2023-04-17 00:00:35,743 [INFO] ThirdParty:1030 - CMSIS Pack Vendor :STMicroelectronics X-CUBE-EEPRMA1 4.1.0
2023-04-17 00:00:35,743 [INFO] ThirdParty:1030 - CMSIS Pack Vendor :portGmbH I-Cube-SoM-uGOAL 1.1.0
2023-04-17 00:00:35,743 [INFO] ThirdParty:1030 - CMSIS Pack Vendor :STMicroelectronics X-CUBE-ALS 1.0.1
2023-04-17 00:00:35,743 [INFO] ThirdParty:1030 - CMSIS Pack Vendor :STMicroelectronics X-CUBE-MEMS1 9.5.0
2023-04-17 00:00:35,743 [INFO] ThirdParty:1030 - CMSIS Pack Vendor :ARM CMSIS 5.6.0
2023-04-17 00:00:35,743 [INFO] ThirdParty:1030 - CMSIS Pack Vendor :STMicroelectronics ThreadX 1.0.0
2023-04-17 00:00:35,743 [INFO] ThirdParty:1030 - CMSIS Pack Vendor :STMicroelectronics X-CUBE-AZRTOS-WB 1.1.0
2023-04-17 00:00:35,743 [INFO] ThirdParty:1030 - CMSIS Pack Vendor :SEGGER I-CUBE-embOS 1.3.1
2023-04-17 00:00:35,743 [INFO] ThirdParty:1030 - CMSIS Pack Vendor :STMicroelectronics USB_DEVICE 1.0.0
2023-04-17 00:00:35,743 [INFO] ThirdParty:1030 - CMSIS Pack Vendor :SEGGER I-CUBE-embOS 1.3.0
2023-04-17 00:00:35,743 [INFO] ThirdParty:1030 - CMSIS Pack Vendor :STMicroelectronics ThreadX 0.0.2
2023-04-17 00:00:35,743 [INFO] ThirdParty:1030 - CMSIS Pack Vendor :WES I-CUBE-Cesium 1.3.0
2023-04-17 00:00:35,743 [INFO] ThirdParty:1030 - CMSIS Pack Vendor :STMicroelectronics FP-ATR-ASTRA1 2.0.0
2023-04-17 00:00:35,743 [INFO] ThirdParty:1030 - CMSIS Pack Vendor :STMicroelectronics lwIP 2.1.2
2023-04-17 00:00:35,743 [INFO] ThirdParty:1030 - CMSIS Pack Vendor :STMicroelectronics X-CUBE-SFXS2LP1 4.0.0
2023-04-17 00:00:35,743 [INFO] ThirdParty:1030 - CMSIS Pack Vendor :STMicroelectronics X-CUBE-BLE2 3.3.0
2023-04-17 00:00:35,743 [INFO] ThirdParty:1030 - CMSIS Pack Vendor :STMicroelectronics X-CUBE-DISPLAY 2.2.0
2023-04-17 00:00:35,743 [INFO] ThirdParty:1030 - CMSIS Pack Vendor :STMicroelectronics X-CUBE-TOF1 3.2.0
2023-04-17 00:00:35,743 [INFO] ThirdParty:1030 - CMSIS Pack Vendor :STMicroelectronics PDM2PCM 3.2.0
2023-04-17 00:00:35,743 [INFO] ThirdParty:1030 - CMSIS Pack Vendor :STMicroelectronics X-CUBE-AZRTOS-H7 3.0.0
2023-04-17 00:00:35,744 [INFO] ThirdParty:841 - exiting critical section [change project]
2023-04-17 00:00:36,079 [INFO] PinOutPanel:1499 - setPackage(No Configuration,No Configuration)
2023-04-17 00:00:36,080 [INFO] PinOutPanel:1499 - setPackage(STM32F411RETx,LQFP64)
2023-04-17 00:00:36,720 [INFO] UtilMem:75 - Before build in PCC Used Memory: 470447816 Bytes (559939584)
2023-04-17 00:00:37,740 [INFO] UtilMem:75 - After build in PCC Used Memory: 476602624 Bytes (559939584)
2023-04-17 00:00:37,778 [INFO] IPUIPlugin:80 - create IPUIPlugin
2023-04-17 00:00:37,779 [INFO] IPUIPlugin:80 - create IPUIPlugin
2023-04-17 00:00:37,779 [INFO] IPUIPlugin:80 - create IPUIPlugin
2023-04-17 00:00:37,779 [INFO] IPUIPlugin:80 - create IPUIPlugin
2023-04-17 00:00:37,780 [INFO] IPUIPlugin:80 - create IPUIPlugin
2023-04-17 00:00:37,780 [INFO] IPUIPlugin:80 - create IPUIPlugin
2023-04-17 00:00:37,780 [INFO] IPUIPlugin:80 - create IPUIPlugin
2023-04-17 00:00:37,780 [INFO] IPUIPlugin:80 - create IPUIPlugin
2023-04-17 00:00:37,781 [INFO] IPUIPlugin:80 - create IPUIPlugin
2023-04-17 00:00:37,781 [INFO] IPUIPlugin:80 - create IPUIPlugin
2023-04-17 00:00:37,781 [INFO] IPUIPlugin:80 - create IPUIPlugin
2023-04-17 00:00:37,782 [INFO] IPUIPlugin:80 - create IPUIPlugin
2023-04-17 00:00:37,782 [INFO] IPUIPlugin:80 - create IPUIPlugin
2023-04-17 00:00:37,782 [INFO] IPUIPlugin:80 - create IPUIPlugin
2023-04-17 00:00:37,782 [INFO] IPUIPlugin:80 - create IPUIPlugin
2023-04-17 00:00:37,782 [INFO] IPUIPlugin:80 - create IPUIPlugin
2023-04-17 00:00:37,783 [INFO] IPUIPlugin:80 - create IPUIPlugin
2023-04-17 00:00:37,783 [INFO] IPUIPlugin:80 - create IPUIPlugin
2023-04-17 00:00:37,783 [INFO] IPUIPlugin:80 - create IPUIPlugin
2023-04-17 00:00:37,783 [INFO] IPUIPlugin:80 - create IPUIPlugin
2023-04-17 00:00:37,784 [INFO] IPUIPlugin:80 - create IPUIPlugin
2023-04-17 00:00:37,784 [INFO] IPUIPlugin:80 - create IPUIPlugin
2023-04-17 00:00:37,784 [INFO] IPUIPlugin:80 - create IPUIPlugin
2023-04-17 00:00:37,785 [INFO] IPUIPlugin:80 - create IPUIPlugin
2023-04-17 00:00:37,791 [INFO] IPUIPlugin:80 - create IPUIPlugin
2023-04-17 00:00:37,792 [INFO] IPUIPlugin:80 - create IPUIPlugin
2023-04-17 00:00:37,792 [INFO] IPUIPlugin:80 - create IPUIPlugin
2023-04-17 00:00:37,792 [INFO] IPUIPlugin:80 - create IPUIPlugin
2023-04-17 00:00:37,792 [INFO] IPUIPlugin:80 - create IPUIPlugin
2023-04-17 00:00:37,792 [INFO] IPUIPlugin:80 - create IPUIPlugin
2023-04-17 00:00:37,793 [INFO] IPUIPlugin:80 - create IPUIPlugin
2023-04-17 00:00:37,793 [INFO] IPUIPlugin:80 - create IPUIPlugin
2023-04-17 00:00:37,793 [INFO] IPUIPlugin:80 - create IPUIPlugin
2023-04-17 00:00:37,793 [INFO] IPUIPlugin:80 - create IPUIPlugin
2023-04-17 00:00:37,794 [INFO] IPUIPlugin:80 - create IPUIPlugin
2023-04-17 00:00:37,794 [INFO] IPUIPlugin:80 - create IPUIPlugin
2023-04-17 00:00:37,794 [INFO] IPUIPlugin:80 - create IPUIPlugin
2023-04-17 00:00:37,795 [INFO] IPUIPlugin:80 - create IPUIPlugin
2023-04-17 00:00:37,795 [INFO] IPUIPlugin:80 - create IPUIPlugin
2023-04-17 00:00:37,795 [INFO] IPUIPlugin:80 - create IPUIPlugin
2023-04-17 00:00:37,796 [INFO] IPUIPlugin:80 - create IPUIPlugin
2023-04-17 00:00:37,796 [INFO] IPUIPlugin:80 - create IPUIPlugin
2023-04-17 00:00:37,796 [INFO] IPUIPlugin:80 - create IPUIPlugin
2023-04-17 00:00:37,865 [INFO] ApiDbMcu:507 - Load IP Config File for PDM2PCM
2023-04-17 00:00:38,180 [INFO] CADModel:165 - CPN selected for project levelSTM32F411RET6
2023-04-17 00:00:38,180 [INFO] CADModel:114 - Register for checkConnection events
2023-04-17 00:00:38,236 [INFO] OpenFileManager:328 - Restore cursor
2023-04-17 00:00:39,537 [INFO] UtilMem:75 - End SaveConfig() Used Memory: 485731936 Bytes (559939584)
2023-04-17 00:00:39,614 [INFO] UtilMem:75 - End SaveConfig() Used Memory: 501047568 Bytes (559939584)
2023-04-17 00:00:40,402 [INFO] BlockDiagram:2759 - set Specific Code input for plugin: NVIC
2023-04-17 00:00:40,402 [INFO] BlockDiagram:2759 - set Specific Code input for plugin: USART
2023-04-17 00:00:40,402 [INFO] BlockDiagram:2759 - set Specific Code input for plugin: SYS
2023-04-17 00:00:40,402 [INFO] BlockDiagram:2759 - set Specific Code input for plugin: GPIO
2023-04-17 00:00:40,402 [INFO] BlockDiagram:2759 - set Specific Code input for plugin: RCC
2023-04-17 00:00:40,405 [INFO] CodeGenerator:793 - code generatio: config db path: D:\ST\STM32CubeIDE_1.7.0\STM32CubeIDE\plugins\com.st.stm32cube.common.mx_6.8.0.202302231600\\db\
2023-04-17 00:00:40,850 [INFO] CodeEngine:255 - oldGeneratedFile, D:\git\LAB4_01\Motor_PID\PID\MXTmpFiles\license.tmp_save
2023-04-17 00:00:41,275 [INFO] CodeEngine:279 - Generated code: D:\git\LAB4_01\Motor_PID\PID\MXTmpFiles\license.tmp
2023-04-17 00:00:41,343 [INFO] CodeEngine:255 - oldGeneratedFile, D:\git\LAB4_01\Motor_PID\PID\MXTmpFiles\gpio.tmp_save
2023-04-17 00:00:41,519 [INFO] CodeEngine:279 - Generated code: D:\git\LAB4_01\Motor_PID\PID\MXTmpFiles\gpio.tmp
2023-04-17 00:00:41,640 [INFO] CodeEngine:255 - oldGeneratedFile, D:\git\LAB4_01\Motor_PID\PID\Core\Src\stm32f4xx_it.c_save
2023-04-17 00:00:41,835 [INFO] CodeEngine:279 - Generated code: D:\git\LAB4_01\Motor_PID\PID\Core\Src\stm32f4xx_it.c
2023-04-17 00:00:41,850 [INFO] CodeEngine:255 - oldGeneratedFile, D:\git\LAB4_01\Motor_PID\PID\Core\Inc\stm32f4xx_it.h_save
2023-04-17 00:00:41,948 [INFO] CodeEngine:279 - Generated code: D:\git\LAB4_01\Motor_PID\PID\Core\Inc\stm32f4xx_it.h
2023-04-17 00:00:41,972 [INFO] CodeEngine:255 - oldGeneratedFile, D:\git\LAB4_01\Motor_PID\PID\Core\Src\stm32f4xx_hal_msp.c_save
2023-04-17 00:00:42,139 [INFO] CodeEngine:279 - Generated code: D:\git\LAB4_01\Motor_PID\PID\Core\Src\stm32f4xx_hal_msp.c
2023-04-17 00:00:42,149 [INFO] CodeEngine:255 - oldGeneratedFile, D:\git\LAB4_01\Motor_PID\PID\MXTmpFiles\system.tmp_save
2023-04-17 00:00:42,239 [INFO] CodeEngine:279 - Generated code: D:\git\LAB4_01\Motor_PID\PID\MXTmpFiles\system.tmp
2023-04-17 00:00:42,256 [INFO] CodeEngine:311 - oldGeneratedFile, D:\git\LAB4_01\Motor_PID\PID\Core\Inc\stm32f4xx_hal_conf.h_save
2023-04-17 00:00:42,381 [INFO] CodeEngine:335 - Generated code: D:\git\LAB4_01\Motor_PID\PID\Core\Inc\stm32f4xx_hal_conf.h
2023-04-17 00:00:42,444 [INFO] CodeEngine:255 - oldGeneratedFile, D:\git\LAB4_01\Motor_PID\PID\Core\Inc\main.h_save
2023-04-17 00:00:42,560 [INFO] CodeEngine:279 - Generated code: D:\git\LAB4_01\Motor_PID\PID\Core\Inc\main.h
2023-04-17 00:00:42,571 [INFO] CodeEngine:255 - oldGeneratedFile, D:\git\LAB4_01\Motor_PID\PID\Core\Src\main.c_save
2023-04-17 00:00:42,741 [INFO] CodeEngine:279 - Generated code: D:\git\LAB4_01\Motor_PID\PID\Core\Src\main.c
2023-04-17 00:00:43,764 [INFO] ProjectBuilder:2996 - Time for Copy HAL[1] : 422mS.
2023-04-17 00:00:43,779 [INFO] ProjectBuilder:4304 - Project Generator version: 3.19.2
2023-04-17 00:00:44,154 [INFO] ConfigFileManager:1483 - The Die is : DIE431
2023-04-17 00:00:44,169 [INFO] ApiDbMcu:507 - Load IP Config File for FATFS
2023-04-17 00:00:44,182 [INFO] ApiDbMcu:507 - Load IP Config File for FREERTOS
2023-04-17 00:00:44,192 [INFO] ApiDbMcu:507 - Load IP Config File for LIBJPEG
2023-04-17 00:00:44,206 [INFO] ApiDbMcu:507 - Load IP Config File for MBEDTLS
2023-04-17 00:00:44,224 [INFO] ApiDbMcu:507 - Load IP Config File for USB_DEVICE
2023-04-17 00:00:44,236 [INFO] ApiDbMcu:507 - Load IP Config File for USB_HOST
